<?xml version="1.0" encoding="UTF-8"?>
<testsuites tests="29">
	<testsuite name="code.innerjoin.au/innerjoin/imperial-brands" tests="0" failures="0" errors="0" id="0" hostname="runner--puvrmkf1-project-111-concurrent-3" time="0.000" timestamp="2023-09-19T03:39:14Z"></testsuite>
	<testsuite name="code.innerjoin.au/innerjoin/imperial-brands/pkg/access" tests="0" failures="0" errors="0" id="1" hostname="runner--puvrmkf1-project-111-concurrent-3" time="0.000" timestamp="2023-09-19T03:39:14Z"></testsuite>
	<testsuite name="code.innerjoin.au/innerjoin/imperial-brands/pkg/api" tests="0" failures="0" errors="0" id="2" hostname="runner--puvrmkf1-project-111-concurrent-3" time="0.000" timestamp="2023-09-19T03:39:14Z"></testsuite>
	<testsuite name="code.innerjoin.au/innerjoin/imperial-brands/pkg/az" tests="0" failures="0" errors="0" id="3" hostname="runner--puvrmkf1-project-111-concurrent-3" time="0.000" timestamp="2023-09-19T03:39:14Z"></testsuite>
	<testsuite name="code.innerjoin.au/innerjoin/imperial-brands/pkg/config" tests="0" failures="0" errors="0" id="4" hostname="runner--puvrmkf1-project-111-concurrent-3" time="0.000" timestamp="2023-09-19T03:39:14Z"></testsuite>
	<testsuite name="code.innerjoin.au/innerjoin/imperial-brands/pkg/csv" tests="0" failures="0" errors="0" id="5" hostname="runner--puvrmkf1-project-111-concurrent-3" time="0.000" timestamp="2023-09-19T03:39:14Z"></testsuite>
	<testsuite name="code.innerjoin.au/innerjoin/imperial-brands/pkg/db" tests="0" failures="0" errors="0" id="6" hostname="runner--puvrmkf1-project-111-concurrent-3" time="0.000" timestamp="2023-09-19T03:39:14Z"></testsuite>
	<testsuite name="code.innerjoin.au/innerjoin/imperial-brands/pkg/definitiv" tests="0" failures="0" errors="0" id="7" hostname="runner--puvrmkf1-project-111-concurrent-3" time="0.000" timestamp="2023-09-19T03:39:14Z"></testsuite>
	<testsuite name="code.innerjoin.au/innerjoin/imperial-brands/pkg/mapping" tests="0" failures="0" errors="0" id="8" hostname="runner--puvrmkf1-project-111-concurrent-3" time="0.000" timestamp="2023-09-19T03:39:14Z"></testsuite>
	<testsuite name="code.innerjoin.au/innerjoin/imperial-brands/pkg/pgp" tests="0" failures="0" errors="0" id="9" hostname="runner--puvrmkf1-project-111-concurrent-3" time="0.000" timestamp="2023-09-19T03:39:14Z"></testsuite>
	<testsuite name="code.innerjoin.au/innerjoin/imperial-brands/pkg/processors" tests="0" failures="0" errors="0" id="10" hostname="runner--puvrmkf1-project-111-concurrent-3" time="0.000" timestamp="2023-09-19T03:39:14Z"></testsuite>
	<testsuite name="code.innerjoin.au/innerjoin/imperial-brands/pkg/server" tests="0" failures="0" errors="0" id="11" hostname="runner--puvrmkf1-project-111-concurrent-3" time="0.000" timestamp="2023-09-19T03:39:14Z"></testsuite>
	<testsuite name="code.innerjoin.au/innerjoin/imperial-brands/pkg/syncmanager" tests="0" failures="0" errors="0" id="12" hostname="runner--puvrmkf1-project-111-concurrent-3" time="0.000" timestamp="2023-09-19T03:39:14Z"></testsuite>
	<testsuite name="code.innerjoin.au/innerjoin/imperial-brands/pkg/transformers" tests="0" failures="0" errors="0" id="13" hostname="runner--puvrmkf1-project-111-concurrent-3" time="0.000" timestamp="2023-09-19T03:39:14Z"></testsuite>
	<testsuite name="code.innerjoin.au/innerjoin/imperial-brands/pkg/utils" tests="0" failures="0" errors="0" id="14" hostname="runner--puvrmkf1-project-111-concurrent-3" time="0.000" timestamp="2023-09-19T03:39:14Z"></testsuite>
	<testsuite name="code.innerjoin.au/innerjoin/imperial-brands/tests" tests="29" failures="0" errors="0" id="15" hostname="runner--puvrmkf1-project-111-concurrent-3" time="0.165" timestamp="2023-09-19T03:39:14Z">
		<testcase name="TestParseContactChange" classname="code.innerjoin.au/innerjoin/imperial-brands/tests" time="0.000"></testcase>
		<testcase name="TestContactChangeToDefinitiv" classname="code.innerjoin.au/innerjoin/imperial-brands/tests" time="0.030"></testcase>
		<testcase name="TestParseMasterHRChanges" classname="code.innerjoin.au/innerjoin/imperial-brands/tests" time="0.000"></testcase>
		<testcase name="TestParseOrgAssignmentChange" classname="code.innerjoin.au/innerjoin/imperial-brands/tests" time="0.000"></testcase>
		<testcase name="TestParsePositionChange" classname="code.innerjoin.au/innerjoin/imperial-brands/tests" time="0.000"></testcase>
		<testcase name="TestParseWorkHoursChange" classname="code.innerjoin.au/innerjoin/imperial-brands/tests" time="0.000"></testcase>
		<testcase name="TestParseJobTitleChange" classname="code.innerjoin.au/innerjoin/imperial-brands/tests" time="0.000"></testcase>
		<testcase name="TestRoleChangeToDefinitiv" classname="code.innerjoin.au/innerjoin/imperial-brands/tests" time="0.000"></testcase>
		<testcase name="TestPositionChangeV1ToDefinitivExisting" classname="code.innerjoin.au/innerjoin/imperial-brands/tests" time="0.010"></testcase>
		<testcase name="TestPositionChangeV1ToDefinitivNew" classname="code.innerjoin.au/innerjoin/imperial-brands/tests" time="0.010"></testcase>
		<testcase name="TestPositionChangeV2ToDefinitivExisting" classname="code.innerjoin.au/innerjoin/imperial-brands/tests" time="0.010"></testcase>
		<testcase name="TestPositionChangeV2ToDefinitivNew" classname="code.innerjoin.au/innerjoin/imperial-brands/tests" time="0.030"></testcase>
		<testcase name="TestOrgAssignmentChangeToDefinitiv" classname="code.innerjoin.au/innerjoin/imperial-brands/tests" time="0.000"></testcase>
		<testcase name="TestWorkHoursChangeToDefinitiv" classname="code.innerjoin.au/innerjoin/imperial-brands/tests" time="0.000"></testcase>
		<testcase name="TestParseLeaveInformation" classname="code.innerjoin.au/innerjoin/imperial-brands/tests" time="0.000"></testcase>
		<testcase name="TestLeaveInformationToDefinitiv" classname="code.innerjoin.au/innerjoin/imperial-brands/tests" time="0.000"></testcase>
		<testcase name="TestParseOneTimePayment" classname="code.innerjoin.au/innerjoin/imperial-brands/tests" time="0.000"></testcase>
		<testcase name="TestOneTimePaymentToDefinitiv" classname="code.innerjoin.au/innerjoin/imperial-brands/tests" time="0.010"></testcase>
		<testcase name="TestParsePaymentElection" classname="code.innerjoin.au/innerjoin/imperial-brands/tests" time="0.000"></testcase>
		<testcase name="TestPaymentElectionToDefinitiv" classname="code.innerjoin.au/innerjoin/imperial-brands/tests" time="0.000"></testcase>
		<testcase name="TestParsePersonalInfoChange" classname="code.innerjoin.au/innerjoin/imperial-brands/tests" time="0.000"></testcase>
		<testcase name="TestPersonalInfoChangeToDefinitiv" classname="code.innerjoin.au/innerjoin/imperial-brands/tests" time="0.000"></testcase>
		<testcase name="TestParseSalaryChange" classname="code.innerjoin.au/innerjoin/imperial-brands/tests" time="0.000"></testcase>
		<testcase name="TestParseAllowanceChange" classname="code.innerjoin.au/innerjoin/imperial-brands/tests" time="0.000"></testcase>
		<testcase name="TestSalaryChangeToDefinitiv" classname="code.innerjoin.au/innerjoin/imperial-brands/tests" time="0.000"></testcase>
		<testcase name="TestAllowanceChangeToDefinitiv" classname="code.innerjoin.au/innerjoin/imperial-brands/tests" time="0.010"></testcase>
		<testcase name="TestParseTermination" classname="code.innerjoin.au/innerjoin/imperial-brands/tests" time="0.000"></testcase>
		<testcase name="TestTerminationToDefinitiv" classname="code.innerjoin.au/innerjoin/imperial-brands/tests" time="0.000"></testcase>
		<testcase name="TestWebhook" classname="code.innerjoin.au/innerjoin/imperial-brands/tests" time="0.010">
			<system-out><![CDATA[[GIN-debug] [WARNING] Running in "debug" mode. Switch to "release" mode in production.
 - using env:	export GIN_MODE=release
 - using code:	gin.SetMode(gin.ReleaseMode)

[GIN-debug] POST   /query                    --> github.com/gin-gonic/gin.WrapH.func1 (4 handlers)
[GIN-debug] GET    /playground               --> github.com/gin-gonic/gin.WrapH.func1 (4 handlers)
[GIN-debug] GET    /version                  --> code.innerjoin.au/innerjoin/imperial-brands/pkg/server.(*Server).registerRoutes.func1 (4 handlers)
[GIN-debug] POST   /upload/esb/master-hr-changes --> code.innerjoin.au/innerjoin/imperial-brands/pkg/server.(*Server).ParseHRFile-fm (5 handlers)
[GIN-debug] POST   /upload/esb/time-off      --> code.innerjoin.au/innerjoin/imperial-brands/pkg/server.(*Server).ParseLeaveFile-fm (5 handlers)
[GIN-debug] [WARNING] Running in "debug" mode. Switch to "release" mode in production.
 - using env:	export GIN_MODE=release
 - using code:	gin.SetMode(gin.ReleaseMode)

[GIN-debug] POST   /test                     --> code.innerjoin.au/innerjoin/imperial-brands/pkg/server.(*Server).ParseHRFile-fm (1 handlers)
{"level":"info","filename":"work-hours-change-AU.csv","time":"2023-09-19T03:39:14Z","message":"File validated successfully"}]]></system-out>
		</testcase>
	</testsuite>
</testsuites>
